<?xml version="1.0" encoding="UTF-8"?>
<testsuite xmlns:xsi="http://www.w3.org/2001/XMLSchema-instance" xsi:noNamespaceSchemaLocation="https://maven.apache.org/surefire/maven-surefire-plugin/xsd/surefire-test-report.xsd" name="com.otavia.stepcapsule.StepCapsuleBackEndApplicationTests" time="1.79" tests="2" errors="0" skipped="0" failures="0">
  <properties>
[...]
</properties>
  <testcase name="contextLoads" classname="com.otavia.stepcapsule.StepCapsuleBackEndApplicationTests" time="0.134"/>
  <testcase name="testDigest" classname="com.otavia.stepcapsule.StepCapsuleBackEndApplicationTests" time="0.005"/>
</testsuite>